TN:
SF:app/root.tsx
FN:13,(anonymous_0)
FN:17,App
FNF:2
FNH:0
FNDA:0,(anonymous_0)
FNDA:0,App
DA:1,0
DA:2,0
DA:10,0
DA:13,0
DA:17,0
DA:18,0
LF:6
LH:0
BRDA:14,0,0,0
BRDA:14,0,1,0
BRF:2
BRH:0
end_of_record
TN:
SF:app/components/EntnahmeSimulationsAusgabe.tsx
FN:13,EntnahmeSimulationsAusgabe
FN:34,(anonymous_1)
FNF:2
FNH:0
FNDA:0,EntnahmeSimulationsAusgabe
FNDA:0,(anonymous_1)
DA:1,1
DA:2,1
DA:10,1
DA:13,1
DA:22,0
DA:24,0
DA:30,0
DA:35,0
DA:36,0
LF:9
LH:4
BRF:0
BRH:0
end_of_record
TN:
SF:app/components/SparplanEingabe.tsx
FN:6,(anonymous_0)
FN:60,convertSparplanToElements
FN:61,(anonymous_2)
FN:98,SparplanEingabe
FN:118,(anonymous_4)
FN:125,(anonymous_5)
FN:173,(anonymous_6)
FN:179,(anonymous_7)
FN:228,(anonymous_8)
FN:232,(anonymous_9)
FN:239,(anonymous_10)
FN:240,(anonymous_11)
FN:252,(anonymous_12)
FN:254,(anonymous_13)
FN:255,(anonymous_14)
FN:272,ChangeDateCell
FN:284,(anonymous_16)
FN:290,(anonymous_17)
FN:296,(anonymous_18)
FNF:19
FNH:0
FNDA:0,(anonymous_0)
FNDA:0,convertSparplanToElements
FNDA:0,(anonymous_2)
FNDA:0,SparplanEingabe
FNDA:0,(anonymous_4)
FNDA:0,(anonymous_5)
FNDA:0,(anonymous_6)
FNDA:0,(anonymous_7)
FNDA:0,(anonymous_8)
FNDA:0,(anonymous_9)
FNDA:0,(anonymous_10)
FNDA:0,(anonymous_11)
FNDA:0,(anonymous_12)
FNDA:0,(anonymous_13)
FNDA:0,(anonymous_14)
FNDA:0,ChangeDateCell
FNDA:0,(anonymous_16)
FNDA:0,(anonymous_17)
FNDA:0,(anonymous_18)
DA:2,1
DA:3,1
DA:6,1
DA:7,0
DA:21,1
DA:31,1
DA:53,1
DA:60,1
DA:61,0
DA:62,0
DA:63,0
DA:64,0
DA:67,0
DA:68,0
DA:75,0
DA:76,0
DA:77,0
DA:78,0
DA:79,0
DA:81,0
DA:93,0
DA:95,0
DA:98,1
DA:99,0
DA:103,0
DA:107,0
DA:113,0
DA:118,0
DA:126,0
DA:127,0
DA:137,0
DA:138,0
DA:139,0
DA:173,0
DA:180,0
DA:181,0
DA:191,0
DA:192,0
DA:193,0
DA:229,0
DA:230,0
DA:232,0
DA:233,0
DA:234,0
DA:240,0
DA:241,0
DA:242,0
DA:253,0
DA:255,0
DA:256,0
DA:257,0
DA:282,0
DA:284,0
DA:291,0
DA:292,0
DA:294,0
DA:296,0
LF:57
LH:8
BRDA:64,0,0,0
BRDA:64,0,1,0
BRDA:64,1,0,0
BRDA:64,1,1,0
BRDA:64,1,2,0
BRDA:67,2,0,0
BRDA:67,2,1,0
BRDA:76,3,0,0
BRDA:76,3,1,0
BRDA:76,4,0,0
BRDA:76,4,1,0
BRDA:78,5,0,0
BRDA:78,5,1,0
BRDA:78,6,0,0
BRDA:78,6,1,0
BRDA:78,6,2,0
BRDA:126,7,0,0
BRDA:126,7,1,0
BRDA:126,8,0,0
BRDA:126,8,1,0
BRDA:126,8,2,0
BRDA:180,9,0,0
BRDA:180,9,1,0
BRDA:229,10,0,0
BRDA:229,10,1,0
BRDA:232,11,0,0
BRDA:232,11,1,0
BRDA:240,12,0,0
BRDA:240,12,1,0
BRDA:285,13,0,0
BRDA:285,13,1,0
BRDA:291,14,0,0
BRDA:291,14,1,0
BRDA:294,15,0,0
BRDA:294,15,1,0
BRF:35
BRH:0
end_of_record
TN:
SF:app/components/SparplanSimulationsAusgabe.tsx
FN:15,getSparplanSummary
FN:23,(anonymous_1)
FN:31,fullSummary
FN:33,(anonymous_3)
FN:36,(anonymous_4)
FN:57,SparplanEnd
FN:68,SparplanSimulationsAusgabe
FN:77,(anonymous_7)
FN:78,(anonymous_8)
FN:137,(anonymous_9)
FN:143,(anonymous_10)
FN:163,(anonymous_11)
FNF:12
FNH:0
FNDA:0,getSparplanSummary
FNDA:0,(anonymous_1)
FNDA:0,fullSummary
FNDA:0,(anonymous_3)
FNDA:0,(anonymous_4)
FNDA:0,SparplanEnd
FNDA:0,SparplanSimulationsAusgabe
FNDA:0,(anonymous_7)
FNDA:0,(anonymous_8)
FNDA:0,(anonymous_9)
FNDA:0,(anonymous_10)
FNDA:0,(anonymous_11)
DA:2,1
DA:13,1
DA:16,0
DA:17,0
DA:19,0
DA:24,0
DA:31,1
DA:33,0
DA:36,0
DA:57,1
DA:62,0
DA:63,0
DA:68,1
DA:73,0
DA:74,0
DA:77,0
DA:78,0
DA:137,1
DA:138,0
DA:143,1
DA:150,0
DA:163,1
DA:170,0
LF:23
LH:8
BRDA:16,0,0,0
BRDA:16,0,1,0
BRDA:17,1,0,0
BRDA:17,1,1,0
BRDA:20,2,0,0
BRDA:20,2,1,0
BRDA:22,3,0,0
BRDA:22,3,1,0
BRDA:27,4,0,0
BRDA:27,4,1,0
BRDA:33,5,0,0
BRDA:33,5,1,0
BRDA:99,6,0,0
BRDA:99,6,1,0
BRDA:109,7,0,0
BRDA:109,7,1,0
BRDA:118,8,0,0
BRDA:118,8,1,0
BRDA:127,9,0,0
BRDA:127,9,1,0
BRF:20
BRH:0
end_of_record
TN:
SF:app/components/Zeitspanne.tsx
FN:6,Zeitspanne
FN:25,(anonymous_1)
FN:33,(anonymous_2)
FNF:3
FNH:0
FNDA:0,Zeitspanne
FNDA:0,(anonymous_1)
FNDA:0,(anonymous_2)
DA:1,1
DA:6,1
DA:13,0
DA:14,0
DA:15,0
DA:16,0
DA:26,0
DA:34,0
DA:35,0
DA:36,0
DA:37,0
DA:39,0
LF:12
LH:2
BRDA:36,0,0,0
BRDA:36,0,1,0
BRDA:36,1,0,0
BRDA:36,1,1,0
BRDA:36,1,2,0
BRF:5
BRH:0
end_of_record
TN:
SF:app/routes/_index.tsx
FN:20,(anonymous_0)
FN:24,(anonymous_1)
FN:32,Index
FN:50,(anonymous_3)
FN:67,(anonymous_4)
FN:83,(anonymous_5)
FN:89,(anonymous_6)
FN:98,(anonymous_7)
FN:105,(anonymous_8)
FN:113,(anonymous_9)
FN:118,(anonymous_10)
FN:127,(anonymous_11)
FN:145,(anonymous_12)
FN:146,(anonymous_13)
FN:151,(anonymous_14)
FN:154,(anonymous_15)
FN:190,(anonymous_16)
FNF:17
FNH:2
FNDA:13,(anonymous_0)
FNDA:48,(anonymous_1)
FNDA:0,Index
FNDA:0,(anonymous_3)
FNDA:0,(anonymous_4)
FNDA:0,(anonymous_5)
FNDA:0,(anonymous_6)
FNDA:0,(anonymous_7)
FNDA:0,(anonymous_8)
FNDA:0,(anonymous_9)
FNDA:0,(anonymous_10)
FNDA:0,(anonymous_11)
FNDA:0,(anonymous_12)
FNDA:0,(anonymous_13)
FNDA:0,(anonymous_14)
FNDA:0,(anonymous_15)
FNDA:0,(anonymous_16)
DA:1,1
DA:3,1
DA:4,1
DA:5,1
DA:12,1
DA:13,1
DA:15,1
DA:16,1
DA:17,1
DA:20,1
DA:21,13
DA:22,3
DA:24,10
DA:25,48
DA:26,34
DA:28,48
DA:32,1
DA:33,0
DA:34,0
DA:37,0
DA:39,0
DA:41,0
DA:42,0
DA:46,0
DA:48,0
DA:50,0
DA:51,0
DA:67,0
DA:68,0
DA:69,0
DA:83,0
DA:85,0
DA:90,0
DA:91,0
DA:99,0
DA:100,0
DA:105,0
DA:114,0
DA:115,0
DA:119,0
DA:120,0
DA:121,0
DA:128,0
DA:129,0
DA:145,0
DA:147,0
DA:151,0
DA:155,0
DA:156,0
DA:158,0
DA:190,1
DA:191,0
LF:52
LH:18
BRDA:21,0,0,3
BRDA:21,0,1,10
BRDA:21,1,0,13
BRDA:21,1,1,11
BRDA:25,2,0,34
BRDA:25,2,1,14
BRDA:68,3,0,0
BRDA:68,3,1,0
BRDA:68,4,0,0
BRDA:68,4,1,0
BRDA:83,5,0,0
BRDA:83,5,1,0
BRDA:83,6,0,0
BRDA:83,6,1,0
BRDA:119,7,0,0
BRDA:119,7,1,0
BRDA:155,8,0,0
BRDA:155,8,1,0
BRF:18
BRH:6
end_of_record
TN:
SF:app/routes/simulate.tsx
FN:10,(anonymous_0)
FN:13,(anonymous_1)
FN:16,(anonymous_2)
FN:18,(anonymous_3)
FN:22,(anonymous_4)
FN:31,action
FNF:6
FNH:0
FNDA:0,(anonymous_0)
FNDA:0,(anonymous_1)
FNDA:0,(anonymous_2)
FNDA:0,(anonymous_3)
FNDA:0,(anonymous_4)
FNDA:0,action
DA:1,0
DA:2,0
DA:3,0
DA:4,0
DA:5,0
DA:7,0
DA:10,0
DA:13,0
DA:16,0
DA:18,0
DA:22,0
DA:31,0
DA:32,0
DA:33,0
DA:34,0
DA:35,0
DA:37,0
DA:38,0
DA:41,0
DA:43,0
DA:51,0
DA:52,0
DA:54,0
LF:23
LH:0
BRDA:34,0,0,0
BRDA:34,0,1,0
BRDA:37,1,0,0
BRDA:37,1,1,0
BRF:4
BRH:0
end_of_record
TN:
SF:helpers/simulate.tsx
FN:37,simulate
FNF:1
FNH:1
FNDA:11,simulate
DA:2,2
DA:18,2
DA:24,2
DA:28,2
DA:37,2
DA:45,11
DA:46,11
DA:47,36
DA:48,38
DA:51,11
DA:52,36
DA:53,36
DA:54,36
DA:57,2
DA:59,2
DA:60,2
DA:61,2
DA:64,1
DA:65,12
DA:66,12
DA:67,1
DA:68,0
DA:70,1
DA:78,11
DA:91,1
DA:94,1
DA:101,1
DA:102,0
DA:105,1
DA:113,1
DA:117,2
DA:118,2
DA:119,2
DA:120,2
DA:122,2
DA:131,2
DA:132,2
DA:133,2
DA:134,2
DA:135,2
DA:139,34
DA:140,36
DA:142,36
DA:145,36
DA:152,36
DA:160,36
DA:161,36
DA:168,11
LF:48
LH:46
BRDA:54,0,0,2
BRDA:54,0,1,34
BRDA:60,1,0,2
BRDA:60,1,1,0
BRDA:61,2,0,1
BRDA:61,2,1,1
BRDA:65,3,0,12
BRDA:65,3,1,0
BRDA:66,4,0,1
BRDA:66,4,1,11
BRDA:67,5,0,0
BRDA:67,5,1,1
BRDA:79,6,0,11
BRDA:79,6,1,0
BRDA:80,7,0,11
BRDA:80,7,1,0
BRDA:91,8,0,1
BRDA:91,8,1,0
BRDA:92,9,0,0
BRDA:92,9,1,0
BRDA:101,10,0,0
BRDA:101,10,1,1
BRDA:118,11,0,2
BRDA:118,11,1,0
BRDA:120,12,0,2
BRDA:120,12,1,0
BRDA:140,13,0,36
BRDA:140,13,1,0
BRDA:142,14,0,36
BRDA:142,14,1,11
BRDA:143,15,0,2
BRDA:143,15,1,9
BRF:32
BRH:20
end_of_record
TN:
SF:helpers/steuer.tsx
FN:1,vorabpauschale
FN:21,zinszinsVorabpauschale
FNF:2
FNH:2
FNDA:49,vorabpauschale
FNDA:49,zinszinsVorabpauschale
DA:10,49
DA:12,49
DA:16,49
DA:18,49
DA:21,3
DA:30,49
DA:39,49
DA:41,49
DA:42,8
DA:44,49
LF:10
LH:10
BRDA:2,0,0,0
BRDA:3,1,0,0
BRDA:4,2,0,0
BRDA:5,3,0,0
BRDA:6,4,0,0
BRDA:7,5,0,0
BRDA:22,6,0,1
BRDA:23,7,0,2
BRDA:24,8,0,2
BRDA:25,9,0,3
BRDA:26,10,0,40
BRDA:27,11,0,40
BRDA:28,12,0,40
BRDA:41,13,0,8
BRDA:41,13,1,41
BRDA:45,14,0,8
BRDA:45,14,1,41
BRDA:47,15,0,41
BRDA:47,15,1,8
BRF:19
BRH:13
end_of_record
